{"C:\\Users\\Administrator\\Desktop\\Car-Rental-Management-System-main\\src\\controllers\\booking.controller.ts": {"path":"C:\\Users\\Administrator\\Desktop\\Car-Rental-Management-System-main\\src\\controllers\\booking.controller.ts","statementMap":{"0":{"start":{"line":2,"column":0},"end":{"line":2,"column":180}},"1":{"start":{"line":4,"column":39},"end":{"line":13,"column":1}},"2":{"start":{"line":5,"column":2},"end":{"line":12,"column":3}},"3":{"start":{"line":6,"column":20},"end":{"line":6,"column":28}},"4":{"start":{"line":7,"column":20},"end":{"line":7,"column":55}},"5":{"start":{"line":8,"column":4},"end":{"line":8,"column":70}},"6":{"start":{"line":8,"column":18},"end":{"line":8,"column":70}},"7":{"start":{"line":9,"column":4},"end":{"line":9,"column":90}},"8":{"start":{"line":11,"column":4},"end":{"line":11,"column":58}},"9":{"start":{"line":4,"column":13},"end":{"line":4,"column":39}},"10":{"start":{"line":15,"column":36},"end":{"line":25,"column":1}},"11":{"start":{"line":16,"column":2},"end":{"line":24,"column":3}},"12":{"start":{"line":17,"column":21},"end":{"line":17,"column":46}},"13":{"start":{"line":18,"column":4},"end":{"line":20,"column":5}},"14":{"start":{"line":19,"column":6},"end":{"line":19,"column":68}},"15":{"start":{"line":21,"column":4},"end":{"line":21,"column":52}},"16":{"start":{"line":23,"column":4},"end":{"line":23,"column":58}},"17":{"start":{"line":15,"column":13},"end":{"line":15,"column":36}},"18":{"start":{"line":27,"column":40},"end":{"line":38,"column":1}},"19":{"start":{"line":28,"column":2},"end":{"line":37,"column":3}},"20":{"start":{"line":29,"column":15},"end":{"line":29,"column":38}},"21":{"start":{"line":30,"column":4},"end":{"line":30,"column":74}},"22":{"start":{"line":30,"column":19},"end":{"line":30,"column":74}},"23":{"start":{"line":32,"column":20},"end":{"line":32,"column":51}},"24":{"start":{"line":33,"column":4},"end":{"line":33,"column":80}},"25":{"start":{"line":33,"column":18},"end":{"line":33,"column":80}},"26":{"start":{"line":34,"column":4},"end":{"line":34,"column":51}},"27":{"start":{"line":36,"column":4},"end":{"line":36,"column":58}},"28":{"start":{"line":27,"column":13},"end":{"line":27,"column":40}},"29":{"start":{"line":40,"column":49},"end":{"line":51,"column":1}},"30":{"start":{"line":41,"column":2},"end":{"line":50,"column":3}},"31":{"start":{"line":42,"column":23},"end":{"line":42,"column":54}},"32":{"start":{"line":43,"column":4},"end":{"line":43,"column":82}},"33":{"start":{"line":43,"column":27},"end":{"line":43,"column":82}},"34":{"start":{"line":45,"column":21},"end":{"line":45,"column":70}},"35":{"start":{"line":46,"column":4},"end":{"line":46,"column":81}},"36":{"start":{"line":46,"column":19},"end":{"line":46,"column":81}},"37":{"start":{"line":47,"column":4},"end":{"line":47,"column":52}},"38":{"start":{"line":49,"column":4},"end":{"line":49,"column":58}},"39":{"start":{"line":40,"column":13},"end":{"line":40,"column":49}},"40":{"start":{"line":53,"column":39},"end":{"line":69,"column":1}},"41":{"start":{"line":54,"column":2},"end":{"line":68,"column":3}},"42":{"start":{"line":55,"column":15},"end":{"line":55,"column":38}},"43":{"start":{"line":56,"column":4},"end":{"line":56,"column":74}},"44":{"start":{"line":56,"column":19},"end":{"line":56,"column":74}},"45":{"start":{"line":58,"column":20},"end":{"line":58,"column":28}},"46":{"start":{"line":59,"column":21},"end":{"line":59,"column":52}},"47":{"start":{"line":60,"column":4},"end":{"line":60,"column":81}},"48":{"start":{"line":60,"column":19},"end":{"line":60,"column":81}},"49":{"start":{"line":62,"column":20},"end":{"line":62,"column":59}},"50":{"start":{"line":63,"column":4},"end":{"line":63,"column":82}},"51":{"start":{"line":63,"column":18},"end":{"line":63,"column":82}},"52":{"start":{"line":65,"column":4},"end":{"line":65,"column":77}},"53":{"start":{"line":67,"column":4},"end":{"line":67,"column":58}},"54":{"start":{"line":53,"column":13},"end":{"line":53,"column":39}},"55":{"start":{"line":71,"column":39},"end":{"line":86,"column":1}},"56":{"start":{"line":72,"column":2},"end":{"line":85,"column":3}},"57":{"start":{"line":73,"column":15},"end":{"line":73,"column":38}},"58":{"start":{"line":74,"column":4},"end":{"line":74,"column":74}},"59":{"start":{"line":74,"column":19},"end":{"line":74,"column":74}},"60":{"start":{"line":76,"column":21},"end":{"line":76,"column":52}},"61":{"start":{"line":77,"column":4},"end":{"line":77,"column":81}},"62":{"start":{"line":77,"column":19},"end":{"line":77,"column":81}},"63":{"start":{"line":79,"column":20},"end":{"line":79,"column":50}},"64":{"start":{"line":80,"column":4},"end":{"line":80,"column":82}},"65":{"start":{"line":80,"column":18},"end":{"line":80,"column":82}},"66":{"start":{"line":82,"column":4},"end":{"line":82,"column":76}},"67":{"start":{"line":84,"column":4},"end":{"line":84,"column":58}},"68":{"start":{"line":71,"column":13},"end":{"line":71,"column":39}}},"fnMap":{"0":{"name":"(anonymous_0)","decl":{"start":{"line":4,"column":39},"end":{"line":4,"column":44}},"loc":{"start":{"line":4,"column":77},"end":{"line":13,"column":1}}},"1":{"name":"(anonymous_1)","decl":{"start":{"line":15,"column":36},"end":{"line":15,"column":41}},"loc":{"start":{"line":15,"column":74},"end":{"line":25,"column":1}}},"2":{"name":"(anonymous_2)","decl":{"start":{"line":27,"column":40},"end":{"line":27,"column":45}},"loc":{"start":{"line":27,"column":78},"end":{"line":38,"column":1}}},"3":{"name":"(anonymous_3)","decl":{"start":{"line":40,"column":49},"end":{"line":40,"column":54}},"loc":{"start":{"line":40,"column":87},"end":{"line":51,"column":1}}},"4":{"name":"(anonymous_4)","decl":{"start":{"line":53,"column":39},"end":{"line":53,"column":44}},"loc":{"start":{"line":53,"column":77},"end":{"line":69,"column":1}}},"5":{"name":"(anonymous_5)","decl":{"start":{"line":71,"column":39},"end":{"line":71,"column":44}},"loc":{"start":{"line":71,"column":77},"end":{"line":86,"column":1}}}},"branchMap":{"0":{"loc":{"start":{"line":8,"column":4},"end":{"line":8,"column":70}},"type":"if","locations":[{"start":{"line":8,"column":4},"end":{"line":8,"column":70}}]},"1":{"loc":{"start":{"line":18,"column":4},"end":{"line":20,"column":5}},"type":"if","locations":[{"start":{"line":18,"column":4},"end":{"line":20,"column":5}}]},"2":{"loc":{"start":{"line":18,"column":8},"end":{"line":18,"column":42}},"type":"binary-expr","locations":[{"start":{"line":18,"column":8},"end":{"line":18,"column":17}},{"start":{"line":18,"column":21},"end":{"line":18,"column":42}}]},"3":{"loc":{"start":{"line":30,"column":4},"end":{"line":30,"column":74}},"type":"if","locations":[{"start":{"line":30,"column":4},"end":{"line":30,"column":74}}]},"4":{"loc":{"start":{"line":33,"column":4},"end":{"line":33,"column":80}},"type":"if","locations":[{"start":{"line":33,"column":4},"end":{"line":33,"column":80}}]},"5":{"loc":{"start":{"line":43,"column":4},"end":{"line":43,"column":82}},"type":"if","locations":[{"start":{"line":43,"column":4},"end":{"line":43,"column":82}}]},"6":{"loc":{"start":{"line":46,"column":4},"end":{"line":46,"column":81}},"type":"if","locations":[{"start":{"line":46,"column":4},"end":{"line":46,"column":81}}]},"7":{"loc":{"start":{"line":56,"column":4},"end":{"line":56,"column":74}},"type":"if","locations":[{"start":{"line":56,"column":4},"end":{"line":56,"column":74}}]},"8":{"loc":{"start":{"line":60,"column":4},"end":{"line":60,"column":81}},"type":"if","locations":[{"start":{"line":60,"column":4},"end":{"line":60,"column":81}}]},"9":{"loc":{"start":{"line":63,"column":4},"end":{"line":63,"column":82}},"type":"if","locations":[{"start":{"line":63,"column":4},"end":{"line":63,"column":82}}]},"10":{"loc":{"start":{"line":74,"column":4},"end":{"line":74,"column":74}},"type":"if","locations":[{"start":{"line":74,"column":4},"end":{"line":74,"column":74}}]},"11":{"loc":{"start":{"line":77,"column":4},"end":{"line":77,"column":81}},"type":"if","locations":[{"start":{"line":77,"column":4},"end":{"line":77,"column":81}}]},"12":{"loc":{"start":{"line":80,"column":4},"end":{"line":80,"column":82}},"type":"if","locations":[{"start":{"line":80,"column":4},"end":{"line":80,"column":82}}]}},"s":{"0":1,"1":1,"2":1,"3":1,"4":1,"5":1,"6":0,"7":1,"8":0,"9":1,"10":1,"11":2,"12":2,"13":1,"14":0,"15":1,"16":1,"17":1,"18":1,"19":2,"20":2,"21":2,"22":0,"23":2,"24":2,"25":1,"26":1,"27":0,"28":1,"29":1,"30":1,"31":1,"32":1,"33":0,"34":1,"35":1,"36":0,"37":1,"38":0,"39":1,"40":1,"41":2,"42":2,"43":2,"44":0,"45":2,"46":2,"47":2,"48":1,"49":1,"50":1,"51":0,"52":1,"53":0,"54":1,"55":1,"56":2,"57":2,"58":2,"59":0,"60":2,"61":2,"62":1,"63":1,"64":1,"65":0,"66":1,"67":0,"68":1},"f":{"0":1,"1":2,"2":2,"3":1,"4":2,"5":2},"b":{"0":[0],"1":[0],"2":[1,1],"3":[0],"4":[1],"5":[0],"6":[0],"7":[0],"8":[1],"9":[0],"10":[0],"11":[1],"12":[0]}}
,"C:\\Users\\Administrator\\Desktop\\Car-Rental-Management-System-main\\src\\services\\booking.service.ts": {"path":"C:\\Users\\Administrator\\Desktop\\Car-Rental-Management-System-main\\src\\services\\booking.service.ts","statementMap":{"0":{"start":{"line":1,"column":0},"end":{"line":1,"column":33}},"1":{"start":{"line":2,"column":0},"end":{"line":2,"column":31}},"2":{"start":{"line":3,"column":0},"end":{"line":3,"column":61}},"3":{"start":{"line":5,"column":36},"end":{"line":8,"column":1}},"4":{"start":{"line":6,"column":20},"end":{"line":6,"column":78}},"5":{"start":{"line":7,"column":2},"end":{"line":7,"column":17}},"6":{"start":{"line":5,"column":13},"end":{"line":5,"column":36}},"7":{"start":{"line":10,"column":33},"end":{"line":13,"column":1}},"8":{"start":{"line":11,"column":19},"end":{"line":11,"column":56}},"9":{"start":{"line":12,"column":2},"end":{"line":12,"column":18}},"10":{"start":{"line":10,"column":13},"end":{"line":10,"column":33}},"11":{"start":{"line":15,"column":37},"end":{"line":20,"column":1}},"12":{"start":{"line":16,"column":18},"end":{"line":18,"column":4}},"13":{"start":{"line":19,"column":2},"end":{"line":19,"column":17}},"14":{"start":{"line":15,"column":13},"end":{"line":15,"column":37}},"15":{"start":{"line":22,"column":47},"end":{"line":27,"column":1}},"16":{"start":{"line":23,"column":23},"end":{"line":25,"column":4}},"17":{"start":{"line":26,"column":2},"end":{"line":26,"column":22}},"18":{"start":{"line":22,"column":13},"end":{"line":22,"column":47}},"19":{"start":{"line":29,"column":36},"end":{"line":32,"column":1}},"20":{"start":{"line":30,"column":2},"end":{"line":30,"column":97}},"21":{"start":{"line":31,"column":2},"end":{"line":31,"column":40}},"22":{"start":{"line":29,"column":13},"end":{"line":29,"column":36}},"23":{"start":{"line":34,"column":36},"end":{"line":37,"column":1}},"24":{"start":{"line":35,"column":20},"end":{"line":35,"column":101}},"25":{"start":{"line":36,"column":2},"end":{"line":36,"column":17}},"26":{"start":{"line":34,"column":13},"end":{"line":34,"column":36}}},"fnMap":{"0":{"name":"(anonymous_1)","decl":{"start":{"line":5,"column":36},"end":{"line":5,"column":41}},"loc":{"start":{"line":5,"column":65},"end":{"line":8,"column":1}}},"1":{"name":"(anonymous_2)","decl":{"start":{"line":10,"column":33},"end":{"line":10,"column":38}},"loc":{"start":{"line":10,"column":44},"end":{"line":13,"column":1}}},"2":{"name":"(anonymous_3)","decl":{"start":{"line":15,"column":37},"end":{"line":15,"column":42}},"loc":{"start":{"line":15,"column":58},"end":{"line":20,"column":1}}},"3":{"name":"(anonymous_4)","decl":{"start":{"line":22,"column":47},"end":{"line":22,"column":52}},"loc":{"start":{"line":22,"column":76},"end":{"line":27,"column":1}}},"4":{"name":"(anonymous_5)","decl":{"start":{"line":29,"column":36},"end":{"line":29,"column":41}},"loc":{"start":{"line":29,"column":77},"end":{"line":32,"column":1}}},"5":{"name":"(anonymous_6)","decl":{"start":{"line":34,"column":36},"end":{"line":34,"column":41}},"loc":{"start":{"line":34,"column":57},"end":{"line":37,"column":1}}}},"branchMap":{},"s":{"0":1,"1":1,"2":1,"3":1,"4":0,"5":0,"6":1,"7":1,"8":0,"9":0,"10":1,"11":1,"12":0,"13":0,"14":1,"15":1,"16":0,"17":0,"18":1,"19":1,"20":0,"21":0,"22":1,"23":1,"24":0,"25":0,"26":1},"f":{"0":0,"1":0,"2":0,"3":0,"4":0,"5":0},"b":{}}
}
