{"C:\\Users\\Administrator\\Desktop\\Car-Rental-Management-System-main\\src\\Drizzle\\schema.ts": {"path":"C:\\Users\\Administrator\\Desktop\\Car-Rental-Management-System-main\\src\\Drizzle\\schema.ts","statementMap":{"0":{"start":{"line":1,"column":0},"end":{"line":1,"column":40}},"1":{"start":{"line":2,"column":0},"end":{"line":2,"column":45}},"2":{"start":{"line":3,"column":0},"end":{"line":3,"column":102}},"3":{"start":{"line":6,"column":13},"end":{"line":6,"column":58}},"4":{"start":{"line":10,"column":13},"end":{"line":21,"column":3}},"5":{"start":{"line":24,"column":13},"end":{"line":29,"column":3}},"6":{"start":{"line":32,"column":13},"end":{"line":40,"column":null}},"7":{"start":{"line":39,"column":55},"end":{"line":39,"column":79}},"8":{"start":{"line":43,"column":13},"end":{"line":50,"column":3}},"9":{"start":{"line":45,"column":65},"end":{"line":45,"column":89}},"10":{"start":{"line":46,"column":55},"end":{"line":46,"column":69}},"11":{"start":{"line":53,"column":13},"end":{"line":60,"column":3}},"12":{"start":{"line":55,"column":55},"end":{"line":55,"column":69}},"13":{"start":{"line":56,"column":65},"end":{"line":56,"column":89}},"14":{"start":{"line":63,"column":13},"end":{"line":69,"column":3}},"15":{"start":{"line":65,"column":63},"end":{"line":65,"column":86}},"16":{"start":{"line":73,"column":13},"end":{"line":79,"column":3}},"17":{"start":{"line":75,"column":55},"end":{"line":75,"column":69}},"18":{"start":{"line":84,"column":13},"end":{"line":91,"column":3}},"19":{"start":{"line":86,"column":55},"end":{"line":86,"column":69}},"20":{"start":{"line":97,"column":13},"end":{"line":100,"column":null}},"21":{"start":{"line":97,"column":73},"end":{"line":100,"column":2}},"22":{"start":{"line":103,"column":13},"end":{"line":105,"column":null}},"23":{"start":{"line":103,"column":77},"end":{"line":105,"column":2}},"24":{"start":{"line":108,"column":13},"end":{"line":117,"column":4}},"25":{"start":{"line":108,"column":68},"end":{"line":117,"column":2}},"26":{"start":{"line":120,"column":13},"end":{"line":129,"column":null}},"27":{"start":{"line":120,"column":78},"end":{"line":129,"column":2}},"28":{"start":{"line":132,"column":13},"end":{"line":142,"column":null}},"29":{"start":{"line":132,"column":78},"end":{"line":142,"column":2}},"30":{"start":{"line":145,"column":13},"end":{"line":150,"column":null}},"31":{"start":{"line":145,"column":70},"end":{"line":150,"column":2}},"32":{"start":{"line":153,"column":13},"end":{"line":158,"column":4}},"33":{"start":{"line":153,"column":78},"end":{"line":158,"column":2}},"34":{"start":{"line":161,"column":13},"end":{"line":166,"column":4}},"35":{"start":{"line":161,"column":74},"end":{"line":166,"column":2}}},"fnMap":{"0":{"name":"(anonymous_0)","decl":{"start":{"line":39,"column":49},"end":{"line":39,"column":52}},"loc":{"start":{"line":39,"column":55},"end":{"line":39,"column":79}}},"1":{"name":"(anonymous_1)","decl":{"start":{"line":45,"column":59},"end":{"line":45,"column":62}},"loc":{"start":{"line":45,"column":65},"end":{"line":45,"column":89}}},"2":{"name":"(anonymous_2)","decl":{"start":{"line":46,"column":49},"end":{"line":46,"column":52}},"loc":{"start":{"line":46,"column":55},"end":{"line":46,"column":69}}},"3":{"name":"(anonymous_3)","decl":{"start":{"line":55,"column":49},"end":{"line":55,"column":52}},"loc":{"start":{"line":55,"column":55},"end":{"line":55,"column":69}}},"4":{"name":"(anonymous_4)","decl":{"start":{"line":56,"column":59},"end":{"line":56,"column":62}},"loc":{"start":{"line":56,"column":65},"end":{"line":56,"column":89}}},"5":{"name":"(anonymous_5)","decl":{"start":{"line":65,"column":57},"end":{"line":65,"column":60}},"loc":{"start":{"line":65,"column":63},"end":{"line":65,"column":86}}},"6":{"name":"(anonymous_6)","decl":{"start":{"line":75,"column":49},"end":{"line":75,"column":52}},"loc":{"start":{"line":75,"column":55},"end":{"line":75,"column":69}}},"7":{"name":"(anonymous_7)","decl":{"start":{"line":86,"column":49},"end":{"line":86,"column":52}},"loc":{"start":{"line":86,"column":55},"end":{"line":86,"column":69}}},"8":{"name":"(anonymous_8)","decl":{"start":{"line":97,"column":58},"end":{"line":97,"column":59}},"loc":{"start":{"line":97,"column":73},"end":{"line":100,"column":2}}},"9":{"name":"(anonymous_9)","decl":{"start":{"line":103,"column":62},"end":{"line":103,"column":63}},"loc":{"start":{"line":103,"column":77},"end":{"line":105,"column":2}}},"10":{"name":"(anonymous_10)","decl":{"start":{"line":108,"column":48},"end":{"line":108,"column":49}},"loc":{"start":{"line":108,"column":68},"end":{"line":117,"column":2}}},"11":{"name":"(anonymous_11)","decl":{"start":{"line":120,"column":64},"end":{"line":120,"column":65}},"loc":{"start":{"line":120,"column":78},"end":{"line":129,"column":2}}},"12":{"name":"(anonymous_12)","decl":{"start":{"line":132,"column":58},"end":{"line":132,"column":59}},"loc":{"start":{"line":132,"column":78},"end":{"line":142,"column":2}}},"13":{"name":"(anonymous_13)","decl":{"start":{"line":145,"column":56},"end":{"line":145,"column":57}},"loc":{"start":{"line":145,"column":70},"end":{"line":150,"column":2}}},"14":{"name":"(anonymous_14)","decl":{"start":{"line":153,"column":64},"end":{"line":153,"column":65}},"loc":{"start":{"line":153,"column":78},"end":{"line":158,"column":2}}},"15":{"name":"(anonymous_15)","decl":{"start":{"line":161,"column":60},"end":{"line":161,"column":61}},"loc":{"start":{"line":161,"column":74},"end":{"line":166,"column":2}}}},"branchMap":{},"s":{"0":8,"1":8,"2":8,"3":8,"4":8,"5":8,"6":8,"7":0,"8":8,"9":0,"10":0,"11":8,"12":0,"13":0,"14":8,"15":0,"16":8,"17":0,"18":8,"19":0,"20":8,"21":0,"22":8,"23":0,"24":8,"25":0,"26":8,"27":0,"28":8,"29":0,"30":8,"31":0,"32":8,"33":0,"34":8,"35":0},"f":{"0":0,"1":0,"2":0,"3":0,"4":0,"5":0,"6":0,"7":0,"8":0,"9":0,"10":0,"11":0,"12":0,"13":0,"14":0,"15":0},"b":{}}
,"C:\\Users\\Administrator\\Desktop\\Car-Rental-Management-System-main\\src\\services\\auth.service.ts": {"path":"C:\\Users\\Administrator\\Desktop\\Car-Rental-Management-System-main\\src\\services\\auth.service.ts","statementMap":{"0":{"start":{"line":1,"column":0},"end":{"line":1,"column":34}},"1":{"start":{"line":2,"column":0},"end":{"line":2,"column":33}},"2":{"start":{"line":3,"column":0},"end":{"line":3,"column":31}},"3":{"start":{"line":4,"column":0},"end":{"line":4,"column":74}},"4":{"start":{"line":7,"column":37},"end":{"line":10,"column":1}},"5":{"start":{"line":8,"column":4},"end":{"line":8,"column":48}},"6":{"start":{"line":9,"column":4},"end":{"line":9,"column":41}},"7":{"start":{"line":7,"column":13},"end":{"line":7,"column":37}},"8":{"start":{"line":12,"column":37},"end":{"line":16,"column":1}},"9":{"start":{"line":13,"column":4},"end":{"line":15,"column":55}},"10":{"start":{"line":12,"column":13},"end":{"line":12,"column":37}},"11":{"start":{"line":18,"column":36},"end":{"line":31,"column":1}},"12":{"start":{"line":19,"column":22},"end":{"line":19,"column":30}},"13":{"start":{"line":21,"column":4},"end":{"line":30,"column":null}},"14":{"start":{"line":18,"column":13},"end":{"line":18,"column":36}},"15":{"start":{"line":33,"column":34},"end":{"line":36,"column":1}},"16":{"start":{"line":34,"column":22},"end":{"line":34,"column":61}},"17":{"start":{"line":35,"column":4},"end":{"line":35,"column":21}},"18":{"start":{"line":33,"column":13},"end":{"line":33,"column":34}},"19":{"start":{"line":39,"column":38},"end":{"line":44,"column":1}},"20":{"start":{"line":40,"column":21},"end":{"line":42,"column":6}},"21":{"start":{"line":43,"column":4},"end":{"line":43,"column":20}},"22":{"start":{"line":39,"column":13},"end":{"line":39,"column":38}},"23":{"start":{"line":46,"column":41},"end":{"line":50,"column":1}},"24":{"start":{"line":47,"column":4},"end":{"line":49,"column":7}},"25":{"start":{"line":46,"column":13},"end":{"line":46,"column":41}},"26":{"start":{"line":53,"column":37},"end":{"line":56,"column":1}},"27":{"start":{"line":54,"column":4},"end":{"line":54,"column":101}},"28":{"start":{"line":55,"column":4},"end":{"line":55,"column":43}},"29":{"start":{"line":53,"column":13},"end":{"line":53,"column":37}},"30":{"start":{"line":59,"column":37},"end":{"line":62,"column":1}},"31":{"start":{"line":60,"column":4},"end":{"line":60,"column":87}},"32":{"start":{"line":61,"column":4},"end":{"line":61,"column":43}},"33":{"start":{"line":59,"column":13},"end":{"line":59,"column":37}},"34":{"start":{"line":64,"column":57},"end":{"line":85,"column":1}},"35":{"start":{"line":65,"column":4},"end":{"line":84,"column":7}},"36":{"start":{"line":64,"column":13},"end":{"line":64,"column":57}},"37":{"start":{"line":87,"column":61},"end":{"line":107,"column":1}},"38":{"start":{"line":88,"column":4},"end":{"line":106,"column":7}},"39":{"start":{"line":87,"column":13},"end":{"line":87,"column":61}}},"fnMap":{"0":{"name":"(anonymous_1)","decl":{"start":{"line":7,"column":37},"end":{"line":7,"column":42}},"loc":{"start":{"line":7,"column":64},"end":{"line":10,"column":1}}},"1":{"name":"(anonymous_2)","decl":{"start":{"line":12,"column":37},"end":{"line":12,"column":42}},"loc":{"start":{"line":12,"column":61},"end":{"line":16,"column":1}}},"2":{"name":"(anonymous_3)","decl":{"start":{"line":18,"column":36},"end":{"line":18,"column":41}},"loc":{"start":{"line":18,"column":67},"end":{"line":31,"column":1}}},"3":{"name":"(anonymous_4)","decl":{"start":{"line":33,"column":34},"end":{"line":33,"column":39}},"loc":{"start":{"line":33,"column":45},"end":{"line":36,"column":1}}},"4":{"name":"(anonymous_5)","decl":{"start":{"line":39,"column":38},"end":{"line":39,"column":43}},"loc":{"start":{"line":39,"column":59},"end":{"line":44,"column":1}}},"5":{"name":"(anonymous_6)","decl":{"start":{"line":46,"column":41},"end":{"line":46,"column":46}},"loc":{"start":{"line":46,"column":65},"end":{"line":50,"column":1}}},"6":{"name":"(anonymous_7)","decl":{"start":{"line":53,"column":37},"end":{"line":53,"column":42}},"loc":{"start":{"line":53,"column":80},"end":{"line":56,"column":1}}},"7":{"name":"(anonymous_8)","decl":{"start":{"line":59,"column":37},"end":{"line":59,"column":42}},"loc":{"start":{"line":59,"column":58},"end":{"line":62,"column":1}}},"8":{"name":"(anonymous_9)","decl":{"start":{"line":64,"column":57},"end":{"line":64,"column":62}},"loc":{"start":{"line":64,"column":78},"end":{"line":85,"column":1}}},"9":{"name":"(anonymous_10)","decl":{"start":{"line":87,"column":61},"end":{"line":87,"column":66}},"loc":{"start":{"line":87,"column":72},"end":{"line":107,"column":1}}}},"branchMap":{},"s":{"0":1,"1":1,"2":1,"3":1,"4":1,"5":1,"6":1,"7":1,"8":1,"9":1,"10":1,"11":1,"12":0,"13":0,"14":1,"15":1,"16":1,"17":1,"18":1,"19":1,"20":1,"21":1,"22":1,"23":1,"24":1,"25":1,"26":1,"27":1,"28":1,"29":1,"30":1,"31":1,"32":1,"33":1,"34":1,"35":1,"36":1,"37":1,"38":1,"39":1},"f":{"0":1,"1":1,"2":0,"3":1,"4":1,"5":1,"6":1,"7":1,"8":1,"9":1},"b":{}}
,"C:\\Users\\Administrator\\Desktop\\Car-Rental-Management-System-main\\src\\services\\booking.service.ts": {"path":"C:\\Users\\Administrator\\Desktop\\Car-Rental-Management-System-main\\src\\services\\booking.service.ts","statementMap":{"0":{"start":{"line":1,"column":0},"end":{"line":1,"column":33}},"1":{"start":{"line":2,"column":0},"end":{"line":2,"column":31}},"2":{"start":{"line":3,"column":0},"end":{"line":3,"column":61}},"3":{"start":{"line":5,"column":36},"end":{"line":8,"column":1}},"4":{"start":{"line":6,"column":2},"end":{"line":6,"column":61}},"5":{"start":{"line":7,"column":2},"end":{"line":7,"column":38}},"6":{"start":{"line":5,"column":13},"end":{"line":5,"column":36}},"7":{"start":{"line":10,"column":33},"end":{"line":13,"column":1}},"8":{"start":{"line":11,"column":19},"end":{"line":11,"column":56}},"9":{"start":{"line":12,"column":2},"end":{"line":12,"column":18}},"10":{"start":{"line":10,"column":13},"end":{"line":10,"column":33}},"11":{"start":{"line":15,"column":37},"end":{"line":20,"column":1}},"12":{"start":{"line":16,"column":18},"end":{"line":18,"column":4}},"13":{"start":{"line":19,"column":2},"end":{"line":19,"column":17}},"14":{"start":{"line":15,"column":13},"end":{"line":15,"column":37}},"15":{"start":{"line":22,"column":47},"end":{"line":27,"column":1}},"16":{"start":{"line":23,"column":23},"end":{"line":25,"column":4}},"17":{"start":{"line":26,"column":2},"end":{"line":26,"column":22}},"18":{"start":{"line":22,"column":13},"end":{"line":22,"column":47}},"19":{"start":{"line":29,"column":36},"end":{"line":32,"column":1}},"20":{"start":{"line":30,"column":2},"end":{"line":30,"column":97}},"21":{"start":{"line":31,"column":2},"end":{"line":31,"column":40}},"22":{"start":{"line":29,"column":13},"end":{"line":29,"column":36}},"23":{"start":{"line":34,"column":36},"end":{"line":37,"column":1}},"24":{"start":{"line":35,"column":18},"end":{"line":35,"column":99}},"25":{"start":{"line":36,"column":2},"end":{"line":36,"column":20}},"26":{"start":{"line":34,"column":13},"end":{"line":34,"column":36}}},"fnMap":{"0":{"name":"(anonymous_1)","decl":{"start":{"line":5,"column":36},"end":{"line":5,"column":41}},"loc":{"start":{"line":5,"column":65},"end":{"line":8,"column":1}}},"1":{"name":"(anonymous_2)","decl":{"start":{"line":10,"column":33},"end":{"line":10,"column":38}},"loc":{"start":{"line":10,"column":44},"end":{"line":13,"column":1}}},"2":{"name":"(anonymous_3)","decl":{"start":{"line":15,"column":37},"end":{"line":15,"column":42}},"loc":{"start":{"line":15,"column":58},"end":{"line":20,"column":1}}},"3":{"name":"(anonymous_4)","decl":{"start":{"line":22,"column":47},"end":{"line":22,"column":52}},"loc":{"start":{"line":22,"column":76},"end":{"line":27,"column":1}}},"4":{"name":"(anonymous_5)","decl":{"start":{"line":29,"column":36},"end":{"line":29,"column":41}},"loc":{"start":{"line":29,"column":77},"end":{"line":32,"column":1}}},"5":{"name":"(anonymous_6)","decl":{"start":{"line":34,"column":36},"end":{"line":34,"column":41}},"loc":{"start":{"line":34,"column":57},"end":{"line":37,"column":1}}}},"branchMap":{},"s":{"0":1,"1":1,"2":1,"3":1,"4":1,"5":1,"6":1,"7":1,"8":1,"9":1,"10":1,"11":1,"12":1,"13":1,"14":1,"15":1,"16":0,"17":0,"18":1,"19":1,"20":1,"21":1,"22":1,"23":1,"24":1,"25":1,"26":1},"f":{"0":1,"1":1,"2":1,"3":0,"4":1,"5":1},"b":{}}
,"C:\\Users\\Administrator\\Desktop\\Car-Rental-Management-System-main\\src\\services\\car.service.ts": {"path":"C:\\Users\\Administrator\\Desktop\\Car-Rental-Management-System-main\\src\\services\\car.service.ts","statementMap":{"0":{"start":{"line":1,"column":0},"end":{"line":1,"column":33}},"1":{"start":{"line":2,"column":0},"end":{"line":2,"column":31}},"2":{"start":{"line":3,"column":0},"end":{"line":3,"column":52}},"3":{"start":{"line":5,"column":32},"end":{"line":13,"column":1}},"4":{"start":{"line":6,"column":19},"end":{"line":6,"column":68}},"5":{"start":{"line":8,"column":2},"end":{"line":10,"column":3}},"6":{"start":{"line":9,"column":4},"end":{"line":9,"column":16}},"7":{"start":{"line":12,"column":2},"end":{"line":12,"column":34}},"8":{"start":{"line":5,"column":13},"end":{"line":5,"column":32}},"9":{"start":{"line":15,"column":29},"end":{"line":18,"column":1}},"10":{"start":{"line":16,"column":15},"end":{"line":16,"column":47}},"11":{"start":{"line":17,"column":2},"end":{"line":17,"column":14}},"12":{"start":{"line":15,"column":13},"end":{"line":15,"column":29}},"13":{"start":{"line":20,"column":33},"end":{"line":25,"column":1}},"14":{"start":{"line":21,"column":14},"end":{"line":23,"column":4}},"15":{"start":{"line":24,"column":2},"end":{"line":24,"column":13}},"16":{"start":{"line":20,"column":13},"end":{"line":20,"column":33}},"17":{"start":{"line":27,"column":32},"end":{"line":30,"column":1}},"18":{"start":{"line":28,"column":2},"end":{"line":28,"column":79}},"19":{"start":{"line":29,"column":2},"end":{"line":29,"column":36}},"20":{"start":{"line":27,"column":13},"end":{"line":27,"column":32}},"21":{"start":{"line":32,"column":32},"end":{"line":35,"column":1}},"22":{"start":{"line":33,"column":21},"end":{"line":33,"column":88}},"23":{"start":{"line":34,"column":2},"end":{"line":34,"column":23}},"24":{"start":{"line":32,"column":13},"end":{"line":32,"column":32}}},"fnMap":{"0":{"name":"(anonymous_1)","decl":{"start":{"line":5,"column":32},"end":{"line":5,"column":37}},"loc":{"start":{"line":5,"column":53},"end":{"line":13,"column":1}}},"1":{"name":"(anonymous_2)","decl":{"start":{"line":15,"column":29},"end":{"line":15,"column":34}},"loc":{"start":{"line":15,"column":40},"end":{"line":18,"column":1}}},"2":{"name":"(anonymous_3)","decl":{"start":{"line":20,"column":33},"end":{"line":20,"column":38}},"loc":{"start":{"line":20,"column":54},"end":{"line":25,"column":1}}},"3":{"name":"(anonymous_4)","decl":{"start":{"line":27,"column":32},"end":{"line":27,"column":37}},"loc":{"start":{"line":27,"column":65},"end":{"line":30,"column":1}}},"4":{"name":"(anonymous_5)","decl":{"start":{"line":32,"column":32},"end":{"line":32,"column":37}},"loc":{"start":{"line":32,"column":53},"end":{"line":35,"column":1}}}},"branchMap":{"0":{"loc":{"start":{"line":8,"column":2},"end":{"line":10,"column":3}},"type":"if","locations":[{"start":{"line":8,"column":2},"end":{"line":10,"column":3}}]},"1":{"loc":{"start":{"line":8,"column":6},"end":{"line":8,"column":40}},"type":"binary-expr","locations":[{"start":{"line":8,"column":6},"end":{"line":8,"column":15}},{"start":{"line":8,"column":19},"end":{"line":8,"column":40}}]}},"s":{"0":1,"1":1,"2":1,"3":1,"4":2,"5":2,"6":1,"7":1,"8":1,"9":1,"10":2,"11":2,"12":1,"13":1,"14":2,"15":2,"16":1,"17":1,"18":1,"19":1,"20":1,"21":1,"22":1,"23":1,"24":1},"f":{"0":2,"1":2,"2":2,"3":1,"4":1},"b":{"0":[1],"1":[2,2]}}
,"C:\\Users\\Administrator\\Desktop\\Car-Rental-Management-System-main\\src\\services\\insurance.service.ts": {"path":"C:\\Users\\Administrator\\Desktop\\Car-Rental-Management-System-main\\src\\services\\insurance.service.ts","statementMap":{"0":{"start":{"line":1,"column":0},"end":{"line":1,"column":33}},"1":{"start":{"line":2,"column":0},"end":{"line":2,"column":31}},"2":{"start":{"line":3,"column":0},"end":{"line":3,"column":64}},"3":{"start":{"line":5,"column":38},"end":{"line":8,"column":1}},"4":{"start":{"line":6,"column":2},"end":{"line":6,"column":64}},"5":{"start":{"line":7,"column":2},"end":{"line":7,"column":40}},"6":{"start":{"line":5,"column":13},"end":{"line":5,"column":38}},"7":{"start":{"line":10,"column":35},"end":{"line":13,"column":1}},"8":{"start":{"line":11,"column":21},"end":{"line":11,"column":59}},"9":{"start":{"line":12,"column":2},"end":{"line":12,"column":20}},"10":{"start":{"line":10,"column":13},"end":{"line":10,"column":35}},"11":{"start":{"line":15,"column":39},"end":{"line":20,"column":1}},"12":{"start":{"line":16,"column":20},"end":{"line":18,"column":4}},"13":{"start":{"line":19,"column":2},"end":{"line":19,"column":19}},"14":{"start":{"line":15,"column":13},"end":{"line":15,"column":39}},"15":{"start":{"line":22,"column":38},"end":{"line":25,"column":1}},"16":{"start":{"line":23,"column":2},"end":{"line":23,"column":103}},"17":{"start":{"line":24,"column":2},"end":{"line":24,"column":42}},"18":{"start":{"line":22,"column":13},"end":{"line":22,"column":38}},"19":{"start":{"line":27,"column":38},"end":{"line":30,"column":1}},"20":{"start":{"line":28,"column":18},"end":{"line":28,"column":103}},"21":{"start":{"line":29,"column":2},"end":{"line":29,"column":20}},"22":{"start":{"line":27,"column":13},"end":{"line":27,"column":38}}},"fnMap":{"0":{"name":"(anonymous_1)","decl":{"start":{"line":5,"column":38},"end":{"line":5,"column":43}},"loc":{"start":{"line":5,"column":71},"end":{"line":8,"column":1}}},"1":{"name":"(anonymous_2)","decl":{"start":{"line":10,"column":35},"end":{"line":10,"column":40}},"loc":{"start":{"line":10,"column":46},"end":{"line":13,"column":1}}},"2":{"name":"(anonymous_3)","decl":{"start":{"line":15,"column":39},"end":{"line":15,"column":44}},"loc":{"start":{"line":15,"column":60},"end":{"line":20,"column":1}}},"3":{"name":"(anonymous_4)","decl":{"start":{"line":22,"column":38},"end":{"line":22,"column":43}},"loc":{"start":{"line":22,"column":83},"end":{"line":25,"column":1}}},"4":{"name":"(anonymous_5)","decl":{"start":{"line":27,"column":38},"end":{"line":27,"column":43}},"loc":{"start":{"line":27,"column":59},"end":{"line":30,"column":1}}}},"branchMap":{},"s":{"0":1,"1":1,"2":1,"3":1,"4":1,"5":1,"6":1,"7":1,"8":1,"9":1,"10":1,"11":1,"12":1,"13":1,"14":1,"15":1,"16":1,"17":1,"18":1,"19":1,"20":1,"21":1,"22":1},"f":{"0":1,"1":1,"2":1,"3":1,"4":1},"b":{}}
,"C:\\Users\\Administrator\\Desktop\\Car-Rental-Management-System-main\\src\\services\\location.service.ts": {"path":"C:\\Users\\Administrator\\Desktop\\Car-Rental-Management-System-main\\src\\services\\location.service.ts","statementMap":{"0":{"start":{"line":1,"column":0},"end":{"line":1,"column":33}},"1":{"start":{"line":2,"column":0},"end":{"line":2,"column":31}},"2":{"start":{"line":3,"column":0},"end":{"line":3,"column":62}},"3":{"start":{"line":6,"column":37},"end":{"line":9,"column":1}},"4":{"start":{"line":7,"column":2},"end":{"line":7,"column":62}},"5":{"start":{"line":8,"column":2},"end":{"line":8,"column":40}},"6":{"start":{"line":6,"column":13},"end":{"line":6,"column":37}},"7":{"start":{"line":12,"column":34},"end":{"line":15,"column":1}},"8":{"start":{"line":13,"column":20},"end":{"line":13,"column":57}},"9":{"start":{"line":14,"column":2},"end":{"line":14,"column":19}},"10":{"start":{"line":12,"column":13},"end":{"line":12,"column":34}},"11":{"start":{"line":18,"column":38},"end":{"line":23,"column":1}},"12":{"start":{"line":19,"column":19},"end":{"line":21,"column":4}},"13":{"start":{"line":22,"column":2},"end":{"line":22,"column":18}},"14":{"start":{"line":18,"column":13},"end":{"line":18,"column":38}},"15":{"start":{"line":26,"column":37},"end":{"line":29,"column":1}},"16":{"start":{"line":27,"column":4},"end":{"line":27,"column":101}},"17":{"start":{"line":28,"column":4},"end":{"line":28,"column":43}},"18":{"start":{"line":26,"column":13},"end":{"line":26,"column":37}},"19":{"start":{"line":32,"column":37},"end":{"line":38,"column":1}},"20":{"start":{"line":33,"column":26},"end":{"line":36,"column":16}},"21":{"start":{"line":37,"column":2},"end":{"line":37,"column":28}},"22":{"start":{"line":32,"column":13},"end":{"line":32,"column":37}}},"fnMap":{"0":{"name":"(anonymous_1)","decl":{"start":{"line":6,"column":37},"end":{"line":6,"column":42}},"loc":{"start":{"line":6,"column":68},"end":{"line":9,"column":1}}},"1":{"name":"(anonymous_2)","decl":{"start":{"line":12,"column":34},"end":{"line":12,"column":39}},"loc":{"start":{"line":12,"column":45},"end":{"line":15,"column":1}}},"2":{"name":"(anonymous_3)","decl":{"start":{"line":18,"column":38},"end":{"line":18,"column":43}},"loc":{"start":{"line":18,"column":59},"end":{"line":23,"column":1}}},"3":{"name":"(anonymous_4)","decl":{"start":{"line":26,"column":37},"end":{"line":26,"column":42}},"loc":{"start":{"line":26,"column":80},"end":{"line":29,"column":1}}},"4":{"name":"(anonymous_5)","decl":{"start":{"line":32,"column":37},"end":{"line":32,"column":42}},"loc":{"start":{"line":32,"column":58},"end":{"line":38,"column":1}}}},"branchMap":{},"s":{"0":1,"1":1,"2":1,"3":1,"4":1,"5":1,"6":1,"7":1,"8":1,"9":1,"10":1,"11":1,"12":1,"13":1,"14":1,"15":1,"16":1,"17":1,"18":1,"19":1,"20":1,"21":1,"22":1},"f":{"0":1,"1":1,"2":1,"3":1,"4":1},"b":{}}
,"C:\\Users\\Administrator\\Desktop\\Car-Rental-Management-System-main\\src\\services\\maintenance.service.ts": {"path":"C:\\Users\\Administrator\\Desktop\\Car-Rental-Management-System-main\\src\\services\\maintenance.service.ts","statementMap":{"0":{"start":{"line":1,"column":0},"end":{"line":1,"column":31}},"1":{"start":{"line":2,"column":0},"end":{"line":2,"column":53}},"2":{"start":{"line":3,"column":0},"end":{"line":3,"column":33}},"3":{"start":{"line":5,"column":40},"end":{"line":8,"column":1}},"4":{"start":{"line":6,"column":2},"end":{"line":6,"column":61}},"5":{"start":{"line":7,"column":2},"end":{"line":7,"column":42}},"6":{"start":{"line":5,"column":13},"end":{"line":5,"column":40}},"7":{"start":{"line":10,"column":40},"end":{"line":12,"column":1}},"8":{"start":{"line":11,"column":2},"end":{"line":11,"column":50}},"9":{"start":{"line":10,"column":13},"end":{"line":10,"column":40}},"10":{"start":{"line":14,"column":41},"end":{"line":19,"column":1}},"11":{"start":{"line":15,"column":17},"end":{"line":17,"column":4}},"12":{"start":{"line":18,"column":2},"end":{"line":18,"column":16}},"13":{"start":{"line":14,"column":13},"end":{"line":14,"column":41}},"14":{"start":{"line":21,"column":40},"end":{"line":28,"column":1}},"15":{"start":{"line":22,"column":2},"end":{"line":26,"column":17}},"16":{"start":{"line":27,"column":2},"end":{"line":27,"column":44}},"17":{"start":{"line":21,"column":13},"end":{"line":21,"column":40}},"18":{"start":{"line":30,"column":40},"end":{"line":36,"column":1}},"19":{"start":{"line":31,"column":18},"end":{"line":34,"column":16}},"20":{"start":{"line":35,"column":2},"end":{"line":35,"column":20}},"21":{"start":{"line":30,"column":13},"end":{"line":30,"column":40}}},"fnMap":{"0":{"name":"(anonymous_1)","decl":{"start":{"line":5,"column":40},"end":{"line":5,"column":45}},"loc":{"start":{"line":5,"column":60},"end":{"line":8,"column":1}}},"1":{"name":"(anonymous_2)","decl":{"start":{"line":10,"column":40},"end":{"line":10,"column":45}},"loc":{"start":{"line":10,"column":51},"end":{"line":12,"column":1}}},"2":{"name":"(anonymous_3)","decl":{"start":{"line":14,"column":41},"end":{"line":14,"column":46}},"loc":{"start":{"line":14,"column":62},"end":{"line":19,"column":1}}},"3":{"name":"(anonymous_4)","decl":{"start":{"line":21,"column":40},"end":{"line":21,"column":45}},"loc":{"start":{"line":21,"column":72},"end":{"line":28,"column":1}}},"4":{"name":"(anonymous_5)","decl":{"start":{"line":30,"column":40},"end":{"line":30,"column":45}},"loc":{"start":{"line":30,"column":61},"end":{"line":36,"column":1}}}},"branchMap":{},"s":{"0":1,"1":1,"2":1,"3":1,"4":1,"5":1,"6":1,"7":1,"8":1,"9":1,"10":1,"11":1,"12":1,"13":1,"14":1,"15":1,"16":1,"17":1,"18":1,"19":1,"20":1,"21":1},"f":{"0":1,"1":1,"2":1,"3":1,"4":1},"b":{}}
,"C:\\Users\\Administrator\\Desktop\\Car-Rental-Management-System-main\\src\\services\\payment.service.ts": {"path":"C:\\Users\\Administrator\\Desktop\\Car-Rental-Management-System-main\\src\\services\\payment.service.ts","statementMap":{"0":{"start":{"line":1,"column":0},"end":{"line":1,"column":33}},"1":{"start":{"line":2,"column":0},"end":{"line":2,"column":31}},"2":{"start":{"line":3,"column":0},"end":{"line":3,"column":60}},"3":{"start":{"line":5,"column":36},"end":{"line":8,"column":1}},"4":{"start":{"line":6,"column":2},"end":{"line":6,"column":60}},"5":{"start":{"line":7,"column":2},"end":{"line":7,"column":38}},"6":{"start":{"line":5,"column":13},"end":{"line":5,"column":36}},"7":{"start":{"line":10,"column":33},"end":{"line":13,"column":1}},"8":{"start":{"line":11,"column":19},"end":{"line":11,"column":55}},"9":{"start":{"line":12,"column":2},"end":{"line":12,"column":18}},"10":{"start":{"line":10,"column":13},"end":{"line":10,"column":33}},"11":{"start":{"line":15,"column":37},"end":{"line":20,"column":1}},"12":{"start":{"line":16,"column":18},"end":{"line":18,"column":4}},"13":{"start":{"line":19,"column":2},"end":{"line":19,"column":17}},"14":{"start":{"line":15,"column":13},"end":{"line":15,"column":37}},"15":{"start":{"line":22,"column":45},"end":{"line":27,"column":1}},"16":{"start":{"line":23,"column":19},"end":{"line":25,"column":4}},"17":{"start":{"line":26,"column":2},"end":{"line":26,"column":18}},"18":{"start":{"line":22,"column":13},"end":{"line":22,"column":45}},"19":{"start":{"line":29,"column":36},"end":{"line":32,"column":1}},"20":{"start":{"line":30,"column":2},"end":{"line":30,"column":95}},"21":{"start":{"line":31,"column":2},"end":{"line":31,"column":40}},"22":{"start":{"line":29,"column":13},"end":{"line":29,"column":36}},"23":{"start":{"line":34,"column":36},"end":{"line":37,"column":1}},"24":{"start":{"line":35,"column":18},"end":{"line":35,"column":97}},"25":{"start":{"line":36,"column":2},"end":{"line":36,"column":20}},"26":{"start":{"line":34,"column":13},"end":{"line":34,"column":36}}},"fnMap":{"0":{"name":"(anonymous_1)","decl":{"start":{"line":5,"column":36},"end":{"line":5,"column":41}},"loc":{"start":{"line":5,"column":65},"end":{"line":8,"column":1}}},"1":{"name":"(anonymous_2)","decl":{"start":{"line":10,"column":33},"end":{"line":10,"column":38}},"loc":{"start":{"line":10,"column":44},"end":{"line":13,"column":1}}},"2":{"name":"(anonymous_3)","decl":{"start":{"line":15,"column":37},"end":{"line":15,"column":42}},"loc":{"start":{"line":15,"column":58},"end":{"line":20,"column":1}}},"3":{"name":"(anonymous_4)","decl":{"start":{"line":22,"column":45},"end":{"line":22,"column":50}},"loc":{"start":{"line":22,"column":73},"end":{"line":27,"column":1}}},"4":{"name":"(anonymous_5)","decl":{"start":{"line":29,"column":36},"end":{"line":29,"column":41}},"loc":{"start":{"line":29,"column":77},"end":{"line":32,"column":1}}},"5":{"name":"(anonymous_6)","decl":{"start":{"line":34,"column":36},"end":{"line":34,"column":41}},"loc":{"start":{"line":34,"column":57},"end":{"line":37,"column":1}}}},"branchMap":{},"s":{"0":1,"1":1,"2":1,"3":1,"4":1,"5":1,"6":1,"7":1,"8":1,"9":1,"10":1,"11":1,"12":1,"13":1,"14":1,"15":1,"16":1,"17":1,"18":1,"19":1,"20":1,"21":1,"22":1,"23":1,"24":1,"25":1,"26":1},"f":{"0":1,"1":1,"2":1,"3":1,"4":1,"5":1},"b":{}}
,"C:\\Users\\Administrator\\Desktop\\Car-Rental-Management-System-main\\src\\services\\reservation.service.ts": {"path":"C:\\Users\\Administrator\\Desktop\\Car-Rental-Management-System-main\\src\\services\\reservation.service.ts","statementMap":{"0":{"start":{"line":1,"column":0},"end":{"line":1,"column":33}},"1":{"start":{"line":2,"column":0},"end":{"line":2,"column":31}},"2":{"start":{"line":3,"column":0},"end":{"line":3,"column":68}},"3":{"start":{"line":5,"column":40},"end":{"line":8,"column":1}},"4":{"start":{"line":6,"column":2},"end":{"line":6,"column":68}},"5":{"start":{"line":7,"column":2},"end":{"line":7,"column":42}},"6":{"start":{"line":5,"column":13},"end":{"line":5,"column":40}},"7":{"start":{"line":10,"column":37},"end":{"line":13,"column":1}},"8":{"start":{"line":11,"column":23},"end":{"line":11,"column":63}},"9":{"start":{"line":12,"column":2},"end":{"line":12,"column":22}},"10":{"start":{"line":10,"column":13},"end":{"line":10,"column":37}},"11":{"start":{"line":15,"column":41},"end":{"line":20,"column":1}},"12":{"start":{"line":16,"column":22},"end":{"line":18,"column":4}},"13":{"start":{"line":19,"column":2},"end":{"line":19,"column":21}},"14":{"start":{"line":15,"column":13},"end":{"line":15,"column":41}},"15":{"start":{"line":22,"column":50},"end":{"line":27,"column":1}},"16":{"start":{"line":23,"column":23},"end":{"line":25,"column":4}},"17":{"start":{"line":26,"column":2},"end":{"line":26,"column":22}},"18":{"start":{"line":22,"column":13},"end":{"line":22,"column":50}},"19":{"start":{"line":29,"column":40},"end":{"line":32,"column":1}},"20":{"start":{"line":30,"column":2},"end":{"line":30,"column":111}},"21":{"start":{"line":31,"column":2},"end":{"line":31,"column":44}},"22":{"start":{"line":29,"column":13},"end":{"line":29,"column":40}},"23":{"start":{"line":34,"column":40},"end":{"line":37,"column":1}},"24":{"start":{"line":35,"column":18},"end":{"line":35,"column":109}},"25":{"start":{"line":36,"column":2},"end":{"line":36,"column":20}},"26":{"start":{"line":34,"column":13},"end":{"line":34,"column":40}}},"fnMap":{"0":{"name":"(anonymous_1)","decl":{"start":{"line":5,"column":40},"end":{"line":5,"column":45}},"loc":{"start":{"line":5,"column":77},"end":{"line":8,"column":1}}},"1":{"name":"(anonymous_2)","decl":{"start":{"line":10,"column":37},"end":{"line":10,"column":42}},"loc":{"start":{"line":10,"column":48},"end":{"line":13,"column":1}}},"2":{"name":"(anonymous_3)","decl":{"start":{"line":15,"column":41},"end":{"line":15,"column":46}},"loc":{"start":{"line":15,"column":62},"end":{"line":20,"column":1}}},"3":{"name":"(anonymous_4)","decl":{"start":{"line":22,"column":50},"end":{"line":22,"column":55}},"loc":{"start":{"line":22,"column":79},"end":{"line":27,"column":1}}},"4":{"name":"(anonymous_5)","decl":{"start":{"line":29,"column":40},"end":{"line":29,"column":45}},"loc":{"start":{"line":29,"column":89},"end":{"line":32,"column":1}}},"5":{"name":"(anonymous_6)","decl":{"start":{"line":34,"column":40},"end":{"line":34,"column":45}},"loc":{"start":{"line":34,"column":61},"end":{"line":37,"column":1}}}},"branchMap":{},"s":{"0":1,"1":1,"2":1,"3":1,"4":1,"5":1,"6":1,"7":1,"8":1,"9":1,"10":1,"11":1,"12":1,"13":1,"14":1,"15":1,"16":1,"17":1,"18":1,"19":1,"20":1,"21":1,"22":1,"23":1,"24":1,"25":1,"26":1},"f":{"0":1,"1":1,"2":1,"3":1,"4":1,"5":1},"b":{}}
}
