TN:
SF:src\index.ts
FN:15,(anonymous_1)
FN:31,(anonymous_2)
FNF:2
FNH:1
FNDA:1,(anonymous_1)
FNDA:0,(anonymous_2)
DA:1,1
DA:2,1
DA:3,1
DA:4,1
DA:5,1
DA:6,1
DA:7,1
DA:8,1
DA:9,1
DA:15,1
DA:16,1
DA:17,1
DA:22,1
DA:23,1
DA:24,1
DA:25,1
DA:26,1
DA:27,1
DA:28,1
DA:29,1
DA:31,1
DA:32,0
DA:35,1
DA:37,1
DA:38,1
LF:25
LH:24
BRF:0
BRH:0
end_of_record
TN:
SF:src\controllers\auth.controller.ts
FN:9,(anonymous_1)
FN:44,(anonymous_2)
FN:82,(anonymous_3)
FN:152,(anonymous_4)
FN:166,(anonymous_5)
FN:185,(anonymous_6)
FN:218,(anonymous_7)
FN:241,(anonymous_8)
FN:261,(anonymous_9)
FNF:9
FNH:1
FNDA:0,(anonymous_1)
FNDA:0,(anonymous_2)
FNDA:2,(anonymous_3)
FNDA:0,(anonymous_4)
FNDA:0,(anonymous_5)
FNDA:0,(anonymous_6)
FNDA:0,(anonymous_7)
FNDA:0,(anonymous_8)
FNDA:0,(anonymous_9)
DA:1,1
DA:3,1
DA:4,1
DA:5,1
DA:9,1
DA:10,0
DA:11,0
DA:12,0
DA:13,0
DA:14,0
DA:17,0
DA:18,0
DA:19,0
DA:21,0
DA:22,0
DA:24,0
DA:25,0
DA:36,0
DA:39,0
DA:41,0
DA:44,1
DA:45,0
DA:46,0
DA:47,0
DA:48,0
DA:49,0
DA:52,0
DA:53,0
DA:56,0
DA:57,0
DA:69,0
DA:72,0
DA:74,0
DA:77,0
DA:82,1
DA:83,2
DA:84,2
DA:88,2
DA:89,2
DA:90,0
DA:93,2
DA:94,0
DA:97,2
DA:98,2
DA:99,0
DA:103,2
DA:125,2
DA:126,2
DA:127,0
DA:129,2
DA:132,2
DA:145,0
DA:152,1
DA:153,0
DA:154,0
DA:155,0
DA:156,0
DA:158,0
DA:161,0
DA:166,1
DA:167,0
DA:168,0
DA:169,0
DA:170,0
DA:173,0
DA:174,0
DA:175,0
DA:177,0
DA:180,0
DA:185,1
DA:186,0
DA:187,0
DA:188,0
DA:189,0
DA:192,0
DA:196,0
DA:197,0
DA:200,0
DA:201,0
DA:202,0
DA:205,0
DA:206,0
DA:207,0
DA:209,0
DA:212,0
DA:218,1
DA:219,0
DA:220,0
DA:221,0
DA:222,0
DA:225,0
DA:226,0
DA:227,0
DA:230,0
DA:231,0
DA:232,0
DA:235,0
DA:237,0
DA:241,1
DA:242,0
DA:243,0
DA:244,0
DA:245,0
DA:248,0
DA:250,0
DA:251,0
DA:254,0
DA:256,0
DA:257,0
DA:261,1
DA:262,0
DA:263,0
DA:265,0
DA:266,0
DA:269,0
DA:271,0
DA:272,0
LF:117
LH:25
BRDA:22,0,0,0
BRDA:48,1,0,0
BRDA:52,2,0,0
BRDA:52,2,1,0
BRDA:89,3,0,0
BRDA:93,4,0,0
BRDA:93,5,0,2
BRDA:93,5,1,2
BRDA:98,6,0,0
BRDA:126,7,0,0
BRDA:155,8,0,0
BRDA:155,9,0,0
BRDA:155,9,1,0
BRDA:169,10,0,0
BRDA:174,11,0,0
BRDA:188,12,0,0
BRDA:196,13,0,0
BRDA:201,14,0,0
BRDA:206,15,0,0
BRDA:221,16,0,0
BRDA:226,17,0,0
BRDA:231,18,0,0
BRDA:244,19,0,0
BRDA:250,20,0,0
BRDA:265,21,0,0
BRDA:265,22,0,0
BRDA:265,22,1,0
BRF:27
BRH:2
end_of_record
TN:
SF:src\controllers\booking.controller.ts
FN:4,(anonymous_0)
FN:15,(anonymous_1)
FN:27,(anonymous_2)
FN:40,(anonymous_3)
FN:53,(anonymous_4)
FN:71,(anonymous_5)
FNF:6
FNH:0
FNDA:0,(anonymous_0)
FNDA:0,(anonymous_1)
FNDA:0,(anonymous_2)
FNDA:0,(anonymous_3)
FNDA:0,(anonymous_4)
FNDA:0,(anonymous_5)
DA:2,1
DA:4,1
DA:5,0
DA:6,0
DA:7,0
DA:8,0
DA:9,0
DA:11,0
DA:15,1
DA:16,0
DA:17,0
DA:18,0
DA:19,0
DA:21,0
DA:23,0
DA:27,1
DA:28,0
DA:29,0
DA:30,0
DA:32,0
DA:33,0
DA:34,0
DA:36,0
DA:40,1
DA:41,0
DA:42,0
DA:43,0
DA:45,0
DA:46,0
DA:47,0
DA:49,0
DA:53,1
DA:54,0
DA:55,0
DA:56,0
DA:58,0
DA:59,0
DA:60,0
DA:62,0
DA:63,0
DA:65,0
DA:67,0
DA:71,1
DA:72,0
DA:73,0
DA:74,0
DA:76,0
DA:77,0
DA:79,0
DA:80,0
DA:82,0
DA:84,0
LF:52
LH:7
BRDA:8,0,0,0
BRDA:18,1,0,0
BRDA:18,2,0,0
BRDA:18,2,1,0
BRDA:30,3,0,0
BRDA:33,4,0,0
BRDA:43,5,0,0
BRDA:46,6,0,0
BRDA:56,7,0,0
BRDA:60,8,0,0
BRDA:63,9,0,0
BRDA:74,10,0,0
BRDA:77,11,0,0
BRDA:80,12,0,0
BRF:14
BRH:0
end_of_record
TN:
SF:src\controllers\car.controller.ts
FN:65,(anonymous_0)
FN:77,(anonymous_1)
FN:90,(anonymous_2)
FN:104,(anonymous_3)
FN:122,(anonymous_4)
FNF:5
FNH:0
FNDA:0,(anonymous_0)
FNDA:0,(anonymous_1)
FNDA:0,(anonymous_2)
FNDA:0,(anonymous_3)
FNDA:0,(anonymous_4)
DA:62,1
DA:65,1
DA:66,0
DA:67,0
DA:68,0
DA:69,0
DA:70,0
DA:72,0
DA:77,1
DA:78,0
DA:79,0
DA:80,0
DA:81,0
DA:83,0
DA:85,0
DA:90,1
DA:91,0
DA:92,0
DA:93,0
DA:95,0
DA:96,0
DA:97,0
DA:99,0
DA:104,1
DA:105,0
DA:106,0
DA:107,0
DA:109,0
DA:110,0
DA:111,0
DA:113,0
DA:114,0
DA:115,0
DA:117,0
DA:122,1
DA:123,0
DA:124,0
DA:125,0
DA:127,0
DA:128,0
DA:130,0
DA:131,0
DA:133,0
DA:135,0
LF:44
LH:6
BRDA:69,0,0,0
BRDA:80,1,0,0
BRDA:80,2,0,0
BRDA:80,2,1,0
BRDA:93,3,0,0
BRDA:96,4,0,0
BRDA:107,5,0,0
BRDA:111,6,0,0
BRDA:114,7,0,0
BRDA:125,8,0,0
BRDA:128,9,0,0
BRDA:131,10,0,0
BRF:12
BRH:0
end_of_record
TN:
SF:src\controllers\insurance.controller.ts
FN:4,(anonymous_0)
FN:14,(anonymous_1)
FN:26,(anonymous_2)
FN:40,(anonymous_3)
FN:54,(anonymous_4)
FNF:5
FNH:5
FNDA:1,(anonymous_0)
FNDA:1,(anonymous_1)
FNDA:1,(anonymous_2)
FNDA:1,(anonymous_3)
FNDA:1,(anonymous_4)
DA:2,1
DA:4,1
DA:5,1
DA:6,1
DA:7,1
DA:8,1
DA:10,0
DA:14,1
DA:15,1
DA:16,1
DA:17,1
DA:18,0
DA:20,1
DA:22,0
DA:26,1
DA:27,1
DA:28,1
DA:29,1
DA:31,1
DA:32,1
DA:34,1
DA:36,0
DA:40,1
DA:41,1
DA:42,1
DA:43,1
DA:45,1
DA:46,1
DA:48,1
DA:50,0
DA:54,1
DA:55,1
DA:56,1
DA:57,1
DA:59,1
DA:60,1
DA:62,1
DA:63,1
DA:65,1
DA:67,0
LF:40
LH:34
BRDA:7,0,0,0
BRDA:17,1,0,0
BRDA:17,2,0,1
BRDA:17,2,1,1
BRDA:29,3,0,0
BRDA:32,4,0,0
BRDA:43,5,0,0
BRDA:46,6,0,0
BRDA:57,7,0,0
BRDA:60,8,0,0
BRDA:63,9,0,0
BRF:11
BRH:2
end_of_record
TN:
SF:src\controllers\location.controller.ts
FN:6,(anonymous_0)
FN:20,(anonymous_1)
FN:33,(anonymous_2)
FN:51,(anonymous_3)
FN:76,(anonymous_4)
FNF:5
FNH:0
FNDA:0,(anonymous_0)
FNDA:0,(anonymous_1)
FNDA:0,(anonymous_2)
FNDA:0,(anonymous_3)
FNDA:0,(anonymous_4)
DA:3,1
DA:6,1
DA:7,0
DA:8,0
DA:10,0
DA:11,0
DA:13,0
DA:15,0
DA:20,1
DA:21,0
DA:22,0
DA:23,0
DA:24,0
DA:26,0
DA:28,0
DA:33,1
DA:34,0
DA:35,0
DA:36,0
DA:37,0
DA:40,0
DA:41,0
DA:42,0
DA:44,0
DA:46,0
DA:51,1
DA:52,0
DA:53,0
DA:54,0
DA:55,0
DA:58,0
DA:60,0
DA:61,0
DA:62,0
DA:65,0
DA:66,0
DA:67,0
DA:69,0
DA:71,0
DA:76,1
DA:77,0
DA:78,0
DA:79,0
DA:80,0
DA:83,0
DA:84,0
DA:85,0
DA:88,0
DA:89,0
DA:90,0
DA:93,0
DA:95,0
LF:52
LH:6
BRDA:11,0,0,0
BRDA:23,1,0,0
BRDA:23,2,0,0
BRDA:23,2,1,0
BRDA:36,3,0,0
BRDA:41,4,0,0
BRDA:54,5,0,0
BRDA:61,6,0,0
BRDA:66,7,0,0
BRDA:79,8,0,0
BRDA:84,9,0,0
BRDA:89,10,0,0
BRF:12
BRH:0
end_of_record
TN:
SF:src\controllers\maintenance.controller.ts
FN:4,(anonymous_0)
FN:14,(anonymous_1)
FN:26,(anonymous_2)
FN:40,(anonymous_3)
FN:54,(anonymous_4)
FNF:5
FNH:0
FNDA:0,(anonymous_0)
FNDA:0,(anonymous_1)
FNDA:0,(anonymous_2)
FNDA:0,(anonymous_3)
FNDA:0,(anonymous_4)
DA:2,1
DA:4,1
DA:5,0
DA:6,0
DA:7,0
DA:8,0
DA:10,0
DA:14,1
DA:15,0
DA:16,0
DA:17,0
DA:18,0
DA:20,0
DA:22,0
DA:26,1
DA:27,0
DA:28,0
DA:29,0
DA:31,0
DA:32,0
DA:34,0
DA:36,0
DA:40,1
DA:41,0
DA:42,0
DA:43,0
DA:45,0
DA:46,0
DA:48,0
DA:50,0
DA:54,1
DA:55,0
DA:56,0
DA:57,0
DA:59,0
DA:60,0
DA:62,0
DA:63,0
DA:65,0
DA:67,0
LF:40
LH:6
BRDA:7,0,0,0
BRDA:17,1,0,0
BRDA:17,2,0,0
BRDA:17,2,1,0
BRDA:29,3,0,0
BRDA:32,4,0,0
BRDA:43,5,0,0
BRDA:46,6,0,0
BRDA:57,7,0,0
BRDA:60,8,0,0
BRDA:63,9,0,0
BRF:11
BRH:0
end_of_record
TN:
SF:src\controllers\payment.controller.ts
FN:4,(anonymous_0)
FN:14,(anonymous_1)
FN:26,(anonymous_2)
FN:40,(anonymous_3)
FN:53,(anonymous_4)
FN:67,(anonymous_5)
FNF:6
FNH:0
FNDA:0,(anonymous_0)
FNDA:0,(anonymous_1)
FNDA:0,(anonymous_2)
FNDA:0,(anonymous_3)
FNDA:0,(anonymous_4)
FNDA:0,(anonymous_5)
DA:2,1
DA:4,1
DA:5,0
DA:6,0
DA:7,0
DA:8,0
DA:10,0
DA:14,1
DA:15,0
DA:16,0
DA:17,0
DA:18,0
DA:20,0
DA:22,0
DA:26,1
DA:27,0
DA:28,0
DA:29,0
DA:31,0
DA:32,0
DA:34,0
DA:36,0
DA:40,1
DA:41,0
DA:42,0
DA:43,0
DA:45,0
DA:46,0
DA:47,0
DA:49,0
DA:53,1
DA:54,0
DA:55,0
DA:56,0
DA:58,0
DA:59,0
DA:61,0
DA:63,0
DA:67,1
DA:68,0
DA:69,0
DA:70,0
DA:72,0
DA:73,0
DA:75,0
DA:76,0
DA:78,0
DA:80,0
LF:48
LH:7
BRDA:7,0,0,0
BRDA:17,1,0,0
BRDA:17,2,0,0
BRDA:17,2,1,0
BRDA:29,3,0,0
BRDA:32,4,0,0
BRDA:43,5,0,0
BRDA:46,6,0,0
BRDA:56,7,0,0
BRDA:59,8,0,0
BRDA:70,9,0,0
BRDA:73,10,0,0
BRDA:76,11,0,0
BRF:13
BRH:0
end_of_record
TN:
SF:src\controllers\reservation.controller.ts
FN:4,(anonymous_0)
FN:15,(anonymous_1)
FN:27,(anonymous_2)
FN:40,(anonymous_3)
FN:53,(anonymous_4)
FN:71,(anonymous_5)
FNF:6
FNH:0
FNDA:0,(anonymous_0)
FNDA:0,(anonymous_1)
FNDA:0,(anonymous_2)
FNDA:0,(anonymous_3)
FNDA:0,(anonymous_4)
FNDA:0,(anonymous_5)
DA:2,1
DA:4,1
DA:5,0
DA:6,0
DA:7,0
DA:8,0
DA:9,0
DA:11,0
DA:15,1
DA:16,0
DA:17,0
DA:18,0
DA:19,0
DA:21,0
DA:23,0
DA:27,1
DA:28,0
DA:29,0
DA:30,0
DA:32,0
DA:33,0
DA:34,0
DA:36,0
DA:40,1
DA:41,0
DA:42,0
DA:43,0
DA:45,0
DA:46,0
DA:47,0
DA:49,0
DA:53,1
DA:54,0
DA:55,0
DA:56,0
DA:58,0
DA:59,0
DA:60,0
DA:62,0
DA:63,0
DA:65,0
DA:67,0
DA:71,1
DA:72,0
DA:73,0
DA:74,0
DA:76,0
DA:77,0
DA:79,0
DA:80,0
DA:82,0
DA:84,0
LF:52
LH:7
BRDA:8,0,0,0
BRDA:18,1,0,0
BRDA:18,2,0,0
BRDA:18,2,1,0
BRDA:30,3,0,0
BRDA:33,4,0,0
BRDA:43,5,0,0
BRDA:46,6,0,0
BRDA:56,7,0,0
BRDA:60,8,0,0
BRDA:63,9,0,0
BRDA:74,10,0,0
BRDA:77,11,0,0
BRDA:80,12,0,0
BRF:14
BRH:0
end_of_record
TN:
SF:src\middleware\bearerAuth.ts
FN:6,(anonymous_1)
FN:7,(anonymous_2)
FNF:2
FNH:2
FNDA:3,(anonymous_1)
FNDA:7,(anonymous_2)
DA:1,1
DA:2,1
DA:6,1
DA:7,3
DA:8,7
DA:10,7
DA:11,1
DA:12,1
DA:15,6
DA:17,6
DA:18,6
DA:19,6
DA:22,6
DA:27,6
DA:28,0
DA:29,0
DA:30,0
DA:33,6
DA:34,5
DA:35,5
DA:37,1
DA:38,1
DA:40,0
DA:41,0
DA:45,0
DA:46,0
DA:52,1
DA:53,1
DA:54,1
LF:29
LH:22
BRDA:10,0,0,1
BRDA:10,1,0,7
BRDA:10,1,1,6
BRDA:22,2,0,6
BRDA:22,2,1,0
BRDA:23,3,0,6
BRDA:23,3,1,6
BRDA:23,3,2,6
BRDA:27,4,0,0
BRDA:27,4,1,6
BRDA:28,5,0,0
BRDA:28,6,0,0
BRDA:28,6,1,0
BRDA:33,7,0,5
BRF:14
BRH:9
end_of_record
TN:
SF:src\router\auth.router.ts
FN:13,(anonymous_0)
FN:17,(anonymous_1)
FN:28,(anonymous_2)
FN:40,(anonymous_3)
FN:52,(anonymous_4)
FN:64,(anonymous_5)
FN:76,(anonymous_6)
FN:88,(anonymous_7)
FN:97,(anonymous_8)
FN:107,(anonymous_9)
FNF:10
FNH:2
FNDA:1,(anonymous_0)
FNDA:0,(anonymous_1)
FNDA:0,(anonymous_2)
FNDA:2,(anonymous_3)
FNDA:0,(anonymous_4)
FNDA:0,(anonymous_5)
FNDA:0,(anonymous_6)
FNDA:0,(anonymous_7)
FNDA:0,(anonymous_8)
FNDA:0,(anonymous_9)
DA:2,1
DA:11,1
DA:13,1
DA:15,1
DA:18,0
DA:19,0
DA:21,0
DA:27,1
DA:29,0
DA:30,0
DA:32,0
DA:38,1
DA:41,2
DA:42,2
DA:44,0
DA:50,1
DA:53,0
DA:54,0
DA:56,0
DA:62,1
DA:65,0
DA:66,0
DA:68,0
DA:74,1
DA:77,0
DA:78,0
DA:80,0
DA:86,1
DA:89,0
DA:90,0
DA:92,0
DA:98,0
DA:99,0
DA:101,0
DA:106,1
DA:108,0
DA:109,0
DA:111,0
DA:117,1
LF:39
LH:14
BRF:0
BRH:0
end_of_record
TN:
SF:src\router\booking.router.ts
FN:12,(anonymous_0)
FN:15,(anonymous_1)
FN:26,(anonymous_2)
FN:37,(anonymous_3)
FN:48,(anonymous_4)
FN:59,(anonymous_5)
FN:70,(anonymous_6)
FNF:7
FNH:1
FNDA:1,(anonymous_0)
FNDA:0,(anonymous_1)
FNDA:0,(anonymous_2)
FNDA:0,(anonymous_3)
FNDA:0,(anonymous_4)
FNDA:0,(anonymous_5)
FNDA:0,(anonymous_6)
DA:2,1
DA:10,1
DA:12,1
DA:13,1
DA:16,0
DA:17,0
DA:19,0
DA:24,1
DA:27,0
DA:28,0
DA:30,0
DA:35,1
DA:38,0
DA:39,0
DA:41,0
DA:46,1
DA:49,0
DA:50,0
DA:52,0
DA:57,1
DA:60,0
DA:61,0
DA:63,0
DA:68,1
DA:71,0
DA:72,0
DA:74,0
DA:80,1
LF:28
LH:10
BRF:0
BRH:0
end_of_record
TN:
SF:src\router\car.router.ts
FN:11,(anonymous_0)
FN:14,(anonymous_1)
FN:24,(anonymous_2)
FN:34,(anonymous_3)
FN:44,(anonymous_4)
FN:54,(anonymous_5)
FNF:6
FNH:1
FNDA:1,(anonymous_0)
FNDA:0,(anonymous_1)
FNDA:0,(anonymous_2)
FNDA:0,(anonymous_3)
FNDA:0,(anonymous_4)
FNDA:0,(anonymous_5)
DA:2,1
DA:3,1
DA:11,1
DA:12,1
DA:15,0
DA:16,0
DA:18,0
DA:22,1
DA:25,0
DA:26,0
DA:28,0
DA:32,1
DA:35,0
DA:36,0
DA:38,0
DA:42,1
DA:45,0
DA:46,0
DA:48,0
DA:52,1
DA:55,0
DA:56,0
DA:58,0
DA:63,1
LF:24
LH:9
BRF:0
BRH:0
end_of_record
TN:
SF:src\router\insurance.router.ts
FN:11,(anonymous_0)
FN:14,(anonymous_1)
FN:25,(anonymous_2)
FN:36,(anonymous_3)
FN:47,(anonymous_4)
FN:58,(anonymous_5)
FNF:6
FNH:6
FNDA:1,(anonymous_0)
FNDA:1,(anonymous_1)
FNDA:1,(anonymous_2)
FNDA:1,(anonymous_3)
FNDA:1,(anonymous_4)
FNDA:1,(anonymous_5)
DA:2,1
DA:9,1
DA:11,1
DA:12,1
DA:15,1
DA:16,1
DA:18,0
DA:23,1
DA:26,1
DA:27,1
DA:29,0
DA:34,1
DA:37,1
DA:38,1
DA:40,0
DA:45,1
DA:48,1
DA:49,1
DA:51,0
DA:56,1
DA:59,1
DA:60,1
DA:62,0
DA:68,1
LF:24
LH:19
BRF:0
BRH:0
end_of_record
TN:
SF:src\router\location.router.ts
FN:11,(anonymous_0)
FN:15,(anonymous_1)
FN:26,(anonymous_2)
FN:37,(anonymous_3)
FN:48,(anonymous_4)
FN:59,(anonymous_5)
FNF:6
FNH:1
FNDA:1,(anonymous_0)
FNDA:0,(anonymous_1)
FNDA:0,(anonymous_2)
FNDA:0,(anonymous_3)
FNDA:0,(anonymous_4)
FNDA:0,(anonymous_5)
DA:2,1
DA:9,1
DA:11,1
DA:13,1
DA:16,0
DA:17,0
DA:19,0
DA:24,1
DA:27,0
DA:28,0
DA:30,0
DA:35,1
DA:38,0
DA:39,0
DA:41,0
DA:46,1
DA:49,0
DA:50,0
DA:52,0
DA:57,1
DA:60,0
DA:61,0
DA:63,0
DA:68,1
LF:24
LH:9
BRF:0
BRH:0
end_of_record
TN:
SF:src\router\maintenance.router.ts
FN:5,(anonymous_0)
FN:8,(anonymous_1)
FN:18,(anonymous_2)
FN:28,(anonymous_3)
FN:38,(anonymous_4)
FN:48,(anonymous_5)
FNF:6
FNH:1
FNDA:1,(anonymous_0)
FNDA:0,(anonymous_1)
FNDA:0,(anonymous_2)
FNDA:0,(anonymous_3)
FNDA:0,(anonymous_4)
FNDA:0,(anonymous_5)
DA:2,1
DA:3,1
DA:5,1
DA:6,1
DA:9,0
DA:10,0
DA:12,0
DA:16,1
DA:19,0
DA:20,0
DA:22,0
DA:26,1
DA:29,0
DA:30,0
DA:32,0
DA:36,1
DA:39,0
DA:40,0
DA:42,0
DA:46,1
DA:49,0
DA:50,0
DA:52,0
DA:57,1
LF:24
LH:9
BRF:0
BRH:0
end_of_record
TN:
SF:src\router\payment.router.ts
FN:12,(anonymous_0)
FN:15,(anonymous_1)
FN:25,(anonymous_2)
FN:35,(anonymous_3)
FN:45,(anonymous_4)
FN:55,(anonymous_5)
FN:65,(anonymous_6)
FNF:7
FNH:1
FNDA:1,(anonymous_0)
FNDA:0,(anonymous_1)
FNDA:0,(anonymous_2)
FNDA:0,(anonymous_3)
FNDA:0,(anonymous_4)
FNDA:0,(anonymous_5)
FNDA:0,(anonymous_6)
DA:2,1
DA:10,1
DA:12,1
DA:13,1
DA:16,0
DA:17,0
DA:19,0
DA:23,1
DA:26,0
DA:27,0
DA:29,0
DA:33,1
DA:36,0
DA:37,0
DA:39,0
DA:43,1
DA:46,0
DA:47,0
DA:49,0
DA:53,1
DA:56,0
DA:57,0
DA:59,0
DA:63,1
DA:66,0
DA:67,0
DA:69,0
DA:74,1
LF:28
LH:10
BRF:0
BRH:0
end_of_record
TN:
SF:src\router\reservation.router.ts
FN:12,(anonymous_0)
FN:15,(anonymous_1)
FN:26,(anonymous_2)
FN:38,(anonymous_3)
FN:49,(anonymous_4)
FN:60,(anonymous_5)
FN:71,(anonymous_6)
FNF:7
FNH:1
FNDA:1,(anonymous_0)
FNDA:0,(anonymous_1)
FNDA:0,(anonymous_2)
FNDA:0,(anonymous_3)
FNDA:0,(anonymous_4)
FNDA:0,(anonymous_5)
FNDA:0,(anonymous_6)
DA:2,1
DA:10,1
DA:12,1
DA:13,1
DA:16,0
DA:17,0
DA:19,0
DA:24,1
DA:27,0
DA:28,0
DA:30,0
DA:36,1
DA:39,0
DA:40,0
DA:42,0
DA:47,1
DA:50,0
DA:51,0
DA:53,0
DA:58,1
DA:61,0
DA:62,0
DA:64,0
DA:69,1
DA:72,0
DA:73,0
DA:75,0
DA:81,1
LF:28
LH:10
BRF:0
BRH:0
end_of_record
TN:
SF:src\services\auth.service.ts
FN:7,(anonymous_1)
FN:12,(anonymous_2)
FN:18,(anonymous_3)
FN:33,(anonymous_4)
FN:39,(anonymous_5)
FN:46,(anonymous_6)
FN:53,(anonymous_7)
FN:59,(anonymous_8)
FN:64,(anonymous_9)
FN:87,(anonymous_10)
FNF:10
FNH:1
FNDA:0,(anonymous_1)
FNDA:0,(anonymous_2)
FNDA:2,(anonymous_3)
FNDA:0,(anonymous_4)
FNDA:0,(anonymous_5)
FNDA:0,(anonymous_6)
FNDA:0,(anonymous_7)
FNDA:0,(anonymous_8)
FNDA:0,(anonymous_9)
FNDA:0,(anonymous_10)
DA:1,1
DA:2,1
DA:3,1
DA:4,1
DA:7,1
DA:8,0
DA:9,0
DA:12,1
DA:13,0
DA:18,1
DA:19,2
DA:21,2
DA:33,1
DA:34,0
DA:35,0
DA:39,1
DA:40,0
DA:43,0
DA:46,1
DA:47,0
DA:53,1
DA:54,0
DA:55,0
DA:59,1
DA:60,0
DA:61,0
DA:64,1
DA:65,0
DA:87,1
DA:88,0
LF:30
LH:16
BRF:0
BRH:0
end_of_record
TN:
SF:src\services\booking.service.ts
FN:5,(anonymous_1)
FN:10,(anonymous_2)
FN:15,(anonymous_3)
FN:22,(anonymous_4)
FN:29,(anonymous_5)
FN:34,(anonymous_6)
FNF:6
FNH:0
FNDA:0,(anonymous_1)
FNDA:0,(anonymous_2)
FNDA:0,(anonymous_3)
FNDA:0,(anonymous_4)
FNDA:0,(anonymous_5)
FNDA:0,(anonymous_6)
DA:1,1
DA:2,1
DA:3,1
DA:5,1
DA:6,0
DA:7,0
DA:10,1
DA:11,0
DA:12,0
DA:15,1
DA:16,0
DA:19,0
DA:22,1
DA:23,0
DA:26,0
DA:29,1
DA:30,0
DA:31,0
DA:34,1
DA:35,0
DA:36,0
LF:21
LH:9
BRF:0
BRH:0
end_of_record
TN:
SF:src\services\car.service.ts
FN:5,(anonymous_1)
FN:15,(anonymous_2)
FN:20,(anonymous_3)
FN:27,(anonymous_4)
FN:32,(anonymous_5)
FNF:5
FNH:0
FNDA:0,(anonymous_1)
FNDA:0,(anonymous_2)
FNDA:0,(anonymous_3)
FNDA:0,(anonymous_4)
FNDA:0,(anonymous_5)
DA:1,1
DA:2,1
DA:3,1
DA:5,1
DA:6,0
DA:8,0
DA:9,0
DA:12,0
DA:15,1
DA:16,0
DA:17,0
DA:20,1
DA:21,0
DA:24,0
DA:27,1
DA:28,0
DA:29,0
DA:32,1
DA:33,0
DA:34,0
LF:20
LH:8
BRDA:8,0,0,0
BRDA:8,1,0,0
BRDA:8,1,1,0
BRF:3
BRH:0
end_of_record
TN:
SF:src\services\insurance.service.ts
FN:5,(anonymous_1)
FN:10,(anonymous_2)
FN:15,(anonymous_3)
FN:22,(anonymous_4)
FN:27,(anonymous_5)
FNF:5
FNH:5
FNDA:1,(anonymous_1)
FNDA:1,(anonymous_2)
FNDA:2,(anonymous_3)
FNDA:1,(anonymous_4)
FNDA:1,(anonymous_5)
DA:1,1
DA:2,1
DA:3,1
DA:5,1
DA:6,1
DA:7,1
DA:10,1
DA:11,1
DA:12,1
DA:15,1
DA:16,2
DA:19,2
DA:22,1
DA:23,1
DA:24,1
DA:27,1
DA:28,1
DA:29,1
LF:18
LH:18
BRF:0
BRH:0
end_of_record
TN:
SF:src\services\location.service.ts
FN:6,(anonymous_1)
FN:12,(anonymous_2)
FN:18,(anonymous_3)
FN:26,(anonymous_4)
FN:32,(anonymous_5)
FNF:5
FNH:0
FNDA:0,(anonymous_1)
FNDA:0,(anonymous_2)
FNDA:0,(anonymous_3)
FNDA:0,(anonymous_4)
FNDA:0,(anonymous_5)
DA:1,1
DA:2,1
DA:3,1
DA:6,1
DA:7,0
DA:8,0
DA:12,1
DA:13,0
DA:14,0
DA:18,1
DA:19,0
DA:22,0
DA:26,1
DA:27,0
DA:28,0
DA:32,1
DA:33,0
DA:37,0
LF:18
LH:8
BRF:0
BRH:0
end_of_record
TN:
SF:src\services\maintenance.service.ts
FN:5,(anonymous_1)
FN:10,(anonymous_2)
FN:14,(anonymous_3)
FN:21,(anonymous_4)
FN:30,(anonymous_5)
FNF:5
FNH:0
FNDA:0,(anonymous_1)
FNDA:0,(anonymous_2)
FNDA:0,(anonymous_3)
FNDA:0,(anonymous_4)
FNDA:0,(anonymous_5)
DA:1,1
DA:2,1
DA:3,1
DA:5,1
DA:6,0
DA:7,0
DA:10,1
DA:11,0
DA:14,1
DA:15,0
DA:18,0
DA:21,1
DA:22,0
DA:27,0
DA:30,1
DA:31,0
DA:35,0
LF:17
LH:8
BRF:0
BRH:0
end_of_record
TN:
SF:src\services\payment.service.ts
FN:5,(anonymous_1)
FN:10,(anonymous_2)
FN:15,(anonymous_3)
FN:22,(anonymous_4)
FN:29,(anonymous_5)
FN:34,(anonymous_6)
FNF:6
FNH:0
FNDA:0,(anonymous_1)
FNDA:0,(anonymous_2)
FNDA:0,(anonymous_3)
FNDA:0,(anonymous_4)
FNDA:0,(anonymous_5)
FNDA:0,(anonymous_6)
DA:1,1
DA:2,1
DA:3,1
DA:5,1
DA:6,0
DA:7,0
DA:10,1
DA:11,0
DA:12,0
DA:15,1
DA:16,0
DA:19,0
DA:22,1
DA:23,0
DA:26,0
DA:29,1
DA:30,0
DA:31,0
DA:34,1
DA:35,0
DA:36,0
LF:21
LH:9
BRF:0
BRH:0
end_of_record
TN:
SF:src\services\reservation.service.ts
FN:5,(anonymous_1)
FN:10,(anonymous_2)
FN:15,(anonymous_3)
FN:22,(anonymous_4)
FN:29,(anonymous_5)
FN:34,(anonymous_6)
FNF:6
FNH:0
FNDA:0,(anonymous_1)
FNDA:0,(anonymous_2)
FNDA:0,(anonymous_3)
FNDA:0,(anonymous_4)
FNDA:0,(anonymous_5)
FNDA:0,(anonymous_6)
DA:1,1
DA:2,1
DA:3,1
DA:5,1
DA:6,0
DA:7,0
DA:10,1
DA:11,0
DA:12,0
DA:15,1
DA:16,0
DA:19,0
DA:22,1
DA:23,0
DA:26,0
DA:29,1
DA:30,0
DA:31,0
DA:34,1
DA:35,0
DA:36,0
LF:21
LH:9
BRF:0
BRH:0
end_of_record
