TN:
SF:src\controllers\booking.controller.ts
FN:4,(anonymous_0)
FN:15,(anonymous_1)
FN:27,(anonymous_2)
FN:40,(anonymous_3)
FN:53,(anonymous_4)
FN:71,(anonymous_5)
FNF:6
FNH:6
FNDA:1,(anonymous_0)
FNDA:2,(anonymous_1)
FNDA:2,(anonymous_2)
FNDA:1,(anonymous_3)
FNDA:2,(anonymous_4)
FNDA:2,(anonymous_5)
DA:2,1
DA:4,1
DA:5,1
DA:6,1
DA:7,1
DA:8,1
DA:9,1
DA:11,0
DA:15,1
DA:16,2
DA:17,2
DA:18,1
DA:19,0
DA:21,1
DA:23,1
DA:27,1
DA:28,2
DA:29,2
DA:30,2
DA:32,2
DA:33,2
DA:34,1
DA:36,0
DA:40,1
DA:41,1
DA:42,1
DA:43,1
DA:45,1
DA:46,1
DA:47,1
DA:49,0
DA:53,1
DA:54,2
DA:55,2
DA:56,2
DA:58,2
DA:59,2
DA:60,2
DA:62,1
DA:63,1
DA:65,1
DA:67,0
DA:71,1
DA:72,2
DA:73,2
DA:74,2
DA:76,2
DA:77,2
DA:79,1
DA:80,1
DA:82,1
DA:84,0
LF:52
LH:46
BRDA:8,0,0,0
BRDA:18,1,0,0
BRDA:18,2,0,1
BRDA:18,2,1,1
BRDA:30,3,0,0
BRDA:33,4,0,1
BRDA:43,5,0,0
BRDA:46,6,0,0
BRDA:56,7,0,0
BRDA:60,8,0,1
BRDA:63,9,0,0
BRDA:74,10,0,0
BRDA:77,11,0,1
BRDA:80,12,0,0
BRF:14
BRH:5
end_of_record
TN:
SF:src\services\booking.service.ts
FN:5,(anonymous_1)
FN:10,(anonymous_2)
FN:15,(anonymous_3)
FN:22,(anonymous_4)
FN:29,(anonymous_5)
FN:34,(anonymous_6)
FNF:6
FNH:0
FNDA:0,(anonymous_1)
FNDA:0,(anonymous_2)
FNDA:0,(anonymous_3)
FNDA:0,(anonymous_4)
FNDA:0,(anonymous_5)
FNDA:0,(anonymous_6)
DA:1,1
DA:2,1
DA:3,1
DA:5,1
DA:6,0
DA:7,0
DA:10,1
DA:11,0
DA:12,0
DA:15,1
DA:16,0
DA:19,0
DA:22,1
DA:23,0
DA:26,0
DA:29,1
DA:30,0
DA:31,0
DA:34,1
DA:35,0
DA:36,0
LF:21
LH:9
BRF:0
BRH:0
end_of_record
